<?xml version="1.0" encoding="UTF-8"?>
<testng-results skipped="0" failed="1" ignored="0" total="3" passed="2">
  <reporter-output>
  </reporter-output>
  <suite name="Default suite" duration-ms="36191" started-at="2020-12-06T18:54:08Z" finished-at="2020-12-06T18:54:44Z">
    <groups>
    </groups>
    <test name="Default test" duration-ms="36191" started-at="2020-12-06T18:54:08Z" finished-at="2020-12-06T18:54:44Z">
      <class name="com.test.simple.LoginPageTest">
        <test-method status="PASS" signature="browserSetup()[pri:0, instance:com.test.simple.LoginPageTest@527e5409]" name="browserSetup" is-config="true" duration-ms="10856" started-at="2020-12-07T00:24:08Z" finished-at="2020-12-07T00:24:19Z">
          <reporter-output>
          </reporter-output>
        </test-method> <!-- browserSetup -->
        <test-method status="PASS" signature="validateLoginPageTitle()[pri:1, instance:com.test.simple.LoginPageTest@527e5409]" name="validateLoginPageTitle" duration-ms="501" started-at="2020-12-07T00:24:19Z" finished-at="2020-12-07T00:24:19Z">
          <reporter-output>
          </reporter-output>
        </test-method> <!-- validateLoginPageTitle -->
        <test-method status="PASS" signature="browserSetup()[pri:0, instance:com.test.simple.LoginPageTest@527e5409]" name="browserSetup" is-config="true" duration-ms="9601" started-at="2020-12-07T00:24:19Z" finished-at="2020-12-07T00:24:29Z">
          <reporter-output>
          </reporter-output>
        </test-method> <!-- browserSetup -->
        <test-method status="PASS" signature="validateOrnageHrmLogo()[pri:2, instance:com.test.simple.LoginPageTest@527e5409]" name="validateOrnageHrmLogo" duration-ms="79" started-at="2020-12-07T00:24:29Z" finished-at="2020-12-07T00:24:29Z">
          <reporter-output>
          </reporter-output>
        </test-method> <!-- validateOrnageHrmLogo -->
        <test-method status="PASS" signature="browserSetup()[pri:0, instance:com.test.simple.LoginPageTest@527e5409]" name="browserSetup" is-config="true" duration-ms="9824" started-at="2020-12-07T00:24:29Z" finished-at="2020-12-07T00:24:39Z">
          <reporter-output>
          </reporter-output>
        </test-method> <!-- browserSetup -->
        <test-method status="FAIL" signature="LoginIntoapplication()[pri:3, instance:com.test.simple.LoginPageTest@527e5409]" name="LoginIntoapplication" duration-ms="5222" started-at="2020-12-07T00:24:39Z" finished-at="2020-12-07T00:24:44Z">
          <exception class="org.junit.ComparisonFailure">
            <message>
              <![CDATA[expected:<W[ilkommen, Paul]> but was:<W[elcome raj]>]]>
            </message>
            <full-stacktrace>
              <![CDATA[org.junit.ComparisonFailure: expected:<W[ilkommen, Paul]> but was:<W[elcome raj]>
	at org.junit.Assert.assertEquals(Assert.java:99)
	at org.junit.Assert.assertEquals(Assert.java:117)
	at com.test.simple.LoginPageTest.LoginIntoapplication(LoginPageTest.java:69)
	at sun.reflect.NativeMethodAccessorImpl.invoke0(Native Method)
	at sun.reflect.NativeMethodAccessorImpl.invoke(Unknown Source)
	at sun.reflect.DelegatingMethodAccessorImpl.invoke(Unknown Source)
	at java.lang.reflect.Method.invoke(Unknown Source)
	at org.testng.internal.MethodInvocationHelper.invokeMethod(MethodInvocationHelper.java:108)
	at org.testng.internal.Invoker.invokeMethod(Invoker.java:661)
	at org.testng.internal.Invoker.invokeTestMethod(Invoker.java:869)
	at org.testng.internal.Invoker.invokeTestMethods(Invoker.java:1193)
	at org.testng.internal.TestMethodWorker.invokeTestMethods(TestMethodWorker.java:126)
	at org.testng.internal.TestMethodWorker.run(TestMethodWorker.java:109)
	at org.testng.TestRunner.privateRun(TestRunner.java:744)
	at org.testng.TestRunner.run(TestRunner.java:602)
	at org.testng.SuiteRunner.runTest(SuiteRunner.java:380)
	at org.testng.SuiteRunner.runSequentially(SuiteRunner.java:375)
	at org.testng.SuiteRunner.privateRun(SuiteRunner.java:340)
	at org.testng.SuiteRunner.run(SuiteRunner.java:289)
	at org.testng.SuiteRunnerWorker.runSuite(SuiteRunnerWorker.java:52)
	at org.testng.SuiteRunnerWorker.run(SuiteRunnerWorker.java:86)
	at org.testng.TestNG.runSuitesSequentially(TestNG.java:1301)
	at org.testng.TestNG.runSuitesLocally(TestNG.java:1226)
	at org.testng.TestNG.runSuites(TestNG.java:1144)
	at org.testng.TestNG.run(TestNG.java:1115)
	at org.testng.remote.AbstractRemoteTestNG.run(AbstractRemoteTestNG.java:132)
	at org.testng.remote.RemoteTestNG.initAndRun(RemoteTestNG.java:230)
	at org.testng.remote.RemoteTestNG.main(RemoteTestNG.java:76)
]]>
            </full-stacktrace>
          </exception> <!-- org.junit.ComparisonFailure -->
          <reporter-output>
          </reporter-output>
        </test-method> <!-- LoginIntoapplication -->
      </class> <!-- com.test.simple.LoginPageTest -->
    </test> <!-- Default test -->
  </suite> <!-- Default suite -->
</testng-results>
